<?xml version="1.0" encoding="UTF-8"?>
<testsuite xmlns:xsi="http://www.w3.org/2001/XMLSchema-instance" xsi:noNamespaceSchemaLocation="https://maven.apache.org/surefire/maven-surefire-plugin/xsd/surefire-test-report.xsd" name="ca.etsmtl.log240.financej.AppTest" time="0.024" tests="1" errors="0" skipped="0" failures="0">
  <properties>
    <property name="sun.desktop" value="windows"/>
    <property name="awt.toolkit" value="sun.awt.windows.WToolkit"/>
    <property name="file.encoding.pkg" value="sun.io"/>
    <property name="java.specification.version" value="1.8"/>
    <property name="sun.cpu.isalist" value="pentium_pro+mmx pentium_pro pentium+mmx pentium i486 i386 i86"/>
    <property name="sun.jnu.encoding" value="Cp1252"/>
    <property name="java.class.path" value="C:\Users\chloe\Desktop\tp1-240\financej-team30\target\test-classes;C:\Users\chloe\Desktop\tp1-240\financej-team30\target\classes;C:\Users\chloe\.m2\repository\org\apache\derby\derby\10.11.1.1\derby-10.11.1.1.jar;C:\Users\chloe\.m2\repository\junit\junit\4.11\junit-4.11.jar;C:\Users\chloe\.m2\repository\org\hamcrest\hamcrest-core\1.3\hamcrest-core-1.3.jar;"/>
    <property name="java.vm.vendor" value="Oracle Corporation"/>
    <property name="sun.arch.data.model" value="32"/>
    <property name="user.variant" value=""/>
    <property name="java.vendor.url" value="http://java.oracle.com/"/>
    <property name="user.timezone" value="America/New_York"/>
    <property name="java.vm.specification.version" value="1.8"/>
    <property name="os.name" value="Windows 8.1"/>
    <property name="user.country" value="US"/>
    <property name="sun.java.launcher" value="SUN_STANDARD"/>
    <property name="sun.boot.library.path" value="C:\Program Files\Java\java-se-8u40-ri\jre\bin"/>
    <property name="sun.java.command" value="C:\Users\chloe\AppData\Local\Temp\surefire2715178484954254762\surefirebooter3129120185026998691.jar C:\Users\chloe\AppData\Local\Temp\surefire2715178484954254762 2020-01-25T09-35-50_089-jvmRun1 surefire8362635025971877064tmp surefire_02702432508763414687tmp"/>
    <property name="surefire.test.class.path" value="C:\Users\chloe\Desktop\tp1-240\financej-team30\target\test-classes;C:\Users\chloe\Desktop\tp1-240\financej-team30\target\classes;C:\Users\chloe\.m2\repository\org\apache\derby\derby\10.11.1.1\derby-10.11.1.1.jar;C:\Users\chloe\.m2\repository\junit\junit\4.11\junit-4.11.jar;C:\Users\chloe\.m2\repository\org\hamcrest\hamcrest-core\1.3\hamcrest-core-1.3.jar;"/>
    <property name="sun.cpu.endian" value="little"/>
    <property name="user.home" value="C:\Users\chloe"/>
    <property name="user.language" value="en"/>
    <property name="java.specification.vendor" value="Oracle Corporation"/>
    <property name="java.home" value="C:\Program Files\Java\java-se-8u40-ri\jre"/>
    <property name="basedir" value="C:\Users\chloe\Desktop\tp1-240\financej-team30"/>
    <property name="file.separator" value="\"/>
    <property name="line.separator" value="&#10;"/>
    <property name="java.vm.specification.vendor" value="Oracle Corporation"/>
    <property name="java.specification.name" value="Java Platform API Specification"/>
    <property name="java.awt.graphicsenv" value="sun.awt.Win32GraphicsEnvironment"/>
    <property name="surefire.real.class.path" value="C:\Users\chloe\AppData\Local\Temp\surefire2715178484954254762\surefirebooter3129120185026998691.jar"/>
    <property name="sun.boot.class.path" value="C:\Program Files\Java\java-se-8u40-ri\jre\lib\resources.jar;C:\Program Files\Java\java-se-8u40-ri\jre\lib\rt.jar;C:\Program Files\Java\java-se-8u40-ri\jre\lib\sunrsasign.jar;C:\Program Files\Java\java-se-8u40-ri\jre\lib\jsse.jar;C:\Program Files\Java\java-se-8u40-ri\jre\lib\jce.jar;C:\Program Files\Java\java-se-8u40-ri\jre\lib\charsets.jar;C:\Program Files\Java\java-se-8u40-ri\jre\lib\jfr.jar;C:\Program Files\Java\java-se-8u40-ri\jre\classes"/>
    <property name="user.script" value=""/>
    <property name="sun.management.compiler" value="HotSpot Client Compiler"/>
    <property name="java.runtime.version" value="1.8.0_40-b25"/>
    <property name="user.name" value="chloe"/>
    <property name="path.separator" value=";"/>
    <property name="os.version" value="6.3"/>
    <property name="java.endorsed.dirs" value="C:\Program Files\Java\java-se-8u40-ri\jre\lib\endorsed"/>
    <property name="java.runtime.name" value="OpenJDK Runtime Environment"/>
    <property name="file.encoding" value="Cp1252"/>
    <property name="java.vm.name" value="OpenJDK Client VM"/>
    <property name="localRepository" value="C:\Users\chloe\.m2\repository"/>
    <property name="java.vendor.url.bug" value="http://bugreport.sun.com/bugreport/"/>
    <property name="java.io.tmpdir" value="C:\Users\chloe\AppData\Local\Temp\"/>
    <property name="java.version" value="1.8.0_40"/>
    <property name="user.dir" value="C:\Users\chloe\Desktop\tp1-240\financej-team30"/>
    <property name="os.arch" value="x86"/>
    <property name="java.vm.specification.name" value="Java Virtual Machine Specification"/>
    <property name="java.awt.printerjob" value="sun.awt.windows.WPrinterJob"/>
    <property name="idea.version2019.1.2" value="true"/>
    <property name="sun.os.patch.level" value=""/>
    <property name="java.library.path" value="C:\Program Files\Java\java-se-8u40-ri\jre\bin;C:\WINDOWS\Sun\Java\bin;C:\WINDOWS\system32;C:\WINDOWS;C:\Program Files (x86)\Common Files\Oracle\Java\javapath;C:\Program Files\ImageMagick-7.0.6-Q16;C:\ProgramData\Oracle\Java\javapath;C:\Program Files\Common Files\Microsoft Shared\Windows Live;C:\Program Files (x86)\Common Files\Microsoft Shared\Windows Live;C:\Python34\;C:\Python34\Scripts;C:\Program Files (x86)\Intel\iCLS Client\;C:\Program Files\Intel\iCLS Client\;C:\Windows\system32;C:\Windows;C:\Windows\System32\Wbem;C:\Windows\System32\WindowsPowerShell\v1.0\;C:\Program Files\Intel\Intel(R) Management Engine Components\DAL;C:\Program Files (x86)\Intel\Intel(R) Management Engine Components\DAL;C:\Program Files\Intel\Intel(R) Management Engine Components\IPT;C:\Program Files (x86)\Intel\Intel(R) Management Engine Components\IPT;C:\Program Files (x86)\GtkSharp\2.12\bin;C:\Program Files (x86)\Windows Live\Shared;C:\Program Files\Git\cmd;C:\Program Files\MongoDB\Server\3.2\bin\;C:\Program Files\OpenSSH\bin;C:\MinGW\bin;C:\Users\chloe\AppData\Roaming\nvm;C:\Program Files\nodejs;C:\WINDOWS\system32;C:\WINDOWS;C:\WINDOWS\System32\Wbem;C:\WINDOWS\System32\WindowsPowerShell\v1.0\;C:\Users\chloe\AppData\Local\Android\sdk\platform-tools;C:\Program Files (x86)\QuickTime\QTSystem\;C:\php;C:\ProgramData\ComposerSetup\bin;C:\Ruby21-x64\bin;C:\bin;C:\Users\chloe\AppData\Roaming\Composer\vendor\bin;C:\PostgreSQL\pg96\bin;C:\Program Files\MySQL\MySQL Utilities 1.6\;C:\Program Files\nodejs\;C:\WINDOWS\System32\OpenSSH\;C:\Program Files (x86)\NVIDIA Corporation\PhysX\Common;C:\Python27;C:\Python27\Scripts;C:\Program Files\OpenVPN\bin;C:\WINDOWS\system32;C:\WINDOWS;C:\WINDOWS\System32\Wbem;C:\WINDOWS\System32\WindowsPowerShell\v1.0\;C:\WINDOWS\System32\OpenSSH\;C:\Program Files\MATLAB\R2019a\bin;C:\Program Files\NVIDIA Corporation\NVIDIA NvDLISR;C:\Users\chloe\AppData\Local\Programs\Python\Python37-32\Scripts\;C:\Users\chloe\AppData\Local\Programs\Python\Python37-32\;C:\Ruby25-x64\bin;C:\Users\chloe\AppData\Roaming\nvm;C:\Program Files\nodejs;C:\Users\chloe\AppData\Local\Microsoft\WindowsApps;Users\chloe\AppData\Roaming\Composer\vendor\bin;C:\Ruby21-x64\bin;C:\Users\chloe\AppData\Roaming\npm;C:\unrpa-1.5.3;C:\curl-7.61.1-win64-mingw\bin;C:\Python27;C:\Program Files\JetBrains\IntelliJ IDEA Community Edition 2018.3.2\bin;;C:\Program Files\Docker Toolbox;C:\Program Files\MongoDB\Server\3.4\bin;C:\apache-maven-3.6.3-bin\apache-maven-3.6.3\bin;;."/>
    <property name="java.vm.info" value="mixed mode"/>
    <property name="java.vendor" value="Oracle Corporation"/>
    <property name="java.vm.version" value="25.40-b25"/>
    <property name="java.ext.dirs" value="C:\Program Files\Java\java-se-8u40-ri\jre\lib\ext;C:\WINDOWS\Sun\Java\lib\ext"/>
    <property name="sun.io.unicode.encoding" value="UnicodeLittle"/>
    <property name="java.class.version" value="52.0"/>
  </properties>
  <testcase name="shouldAnswerWithTrue" classname="ca.etsmtl.log240.financej.AppTest" time="0.001"/>
</testsuite>